# JRE version: Java(TM) SE Runtime Environment (8.0_211-b12) (build 1.8.0_211-b12)
# Java VM: Java HotSpot(TM) 64-Bit Server VM (25.211-b12 mixed mode windows-amd64 compressed oops)
Heap:
 PSYoungGen      total 432640K, used 149822K [0x0000000715e00000, 0x0000000733e00000, 0x00000007c0000000)
  eden space 381952K, 34% used [0x0000000715e00000,0x000000071dd3c0d8,0x000000072d300000)
  from space 50688K, 38% used [0x0000000730c80000,0x0000000731f93ab8,0x0000000733e00000)
  to   space 54784K, 0% used [0x000000072d300000,0x000000072d300000,0x0000000730880000)
 ParOldGen       total 212992K, used 68942K [0x00000005c1a00000, 0x00000005cea00000, 0x0000000715e00000)
  object space 212992K, 32% used [0x00000005c1a00000,0x00000005c5d539c8,0x00000005cea00000)
 Metaspace       used 27568K, capacity 28298K, committed 28544K, reserved 1075200K
  class space    used 3112K, capacity 3375K, committed 3456K, reserved 1048576K
GC Heap History (10 events):
Event: 2.377 GC heap before
{Heap before GC invocations=3 (full 1):
 PSYoungGen      total 153088K, used 21479K [0x0000000715e00000, 0x0000000728900000, 0x00000007c0000000)
  eden space 131584K, 0% used [0x0000000715e00000,0x0000000715e00000,0x000000071de80000)
  from space 21504K, 99% used [0x000000071f380000,0x0000000720879cf0,0x0000000720880000)
  to   space 21504K, 0% used [0x000000071de80000,0x000000071de80000,0x000000071f380000)
 ParOldGen       total 349696K, used 20078K [0x00000005c1a00000, 0x00000005d6f80000, 0x0000000715e00000)
  object space 349696K, 5% used [0x00000005c1a00000,0x00000005c2d9b8c8,0x00000005d6f80000)
 Metaspace       used 20453K, capacity 21076K, committed 21248K, reserved 1067008K
  class space    used 2442K, capacity 2702K, committed 2816K, reserved 1048576K
Event: 2.419 GC heap after
Heap after GC invocations=3 (full 1):
 PSYoungGen      total 153088K, used 0K [0x0000000715e00000, 0x0000000728900000, 0x00000007c0000000)
  eden space 131584K, 0% used [0x0000000715e00000,0x0000000715e00000,0x000000071de80000)
  from space 21504K, 0% used [0x000000071f380000,0x000000071f380000,0x0000000720880000)
  to   space 21504K, 0% used [0x000000071de80000,0x000000071de80000,0x000000071f380000)
 ParOldGen       total 212992K, used 34400K [0x00000005c1a00000, 0x00000005cea00000, 0x0000000715e00000)
  object space 212992K, 16% used [0x00000005c1a00000,0x00000005c3b98380,0x00000005cea00000)
 Metaspace       used 20453K, capacity 21076K, committed 21248K, reserved 1067008K
  class space    used 2442K, capacity 2702K, committed 2816K, reserved 1048576K
}
Event: 2.806 GC heap before
{Heap before GC invocations=4 (full 1):
 PSYoungGen      total 153088K, used 131584K [0x0000000715e00000, 0x0000000728900000, 0x00000007c0000000)
  eden space 131584K, 100% used [0x0000000715e00000,0x000000071de80000,0x000000071de80000)
  from space 21504K, 0% used [0x000000071f380000,0x000000071f380000,0x0000000720880000)
  to   space 21504K, 0% used [0x000000071de80000,0x000000071de80000,0x000000071f380000)
 ParOldGen       total 212992K, used 34400K [0x00000005c1a00000, 0x00000005cea00000, 0x0000000715e00000)
  object space 212992K, 16% used [0x00000005c1a00000,0x00000005c3b98380,0x00000005cea00000)
 Metaspace       used 22966K, capacity 23658K, committed 23808K, reserved 1071104K
  class space    used 2742K, capacity 3023K, committed 3072K, reserved 1048576K
Event: 2.827 GC heap after
Heap after GC invocations=4 (full 1):
 PSYoungGen      total 153088K, used 21480K [0x0000000715e00000, 0x0000000726c80000, 0x00000007c0000000)
  eden space 131584K, 0% used [0x0000000715e00000,0x0000000715e00000,0x000000071de80000)
  from space 21504K, 99% used [0x000000071de80000,0x000000071f37a1c0,0x000000071f380000)
  to   space 21504K, 0% used [0x0000000725780000,0x0000000725780000,0x0000000726c80000)
 ParOldGen       total 212992K, used 62849K [0x00000005c1a00000, 0x00000005cea00000, 0x0000000715e00000)
  object space 212992K, 29% used [0x00000005c1a00000,0x00000005c5760640,0x00000005cea00000)
 Metaspace       used 22966K, capacity 23658K, committed 23808K, reserved 1071104K
  class space    used 2742K, capacity 3023K, committed 3072K, reserved 1048576K
}
Event: 4.589 GC heap before
{Heap before GC invocations=5 (full 1):
 PSYoungGen      total 153088K, used 153064K [0x0000000715e00000, 0x0000000726c80000, 0x00000007c0000000)
  eden space 131584K, 100% used [0x0000000715e00000,0x000000071de80000,0x000000071de80000)
  from space 21504K, 99% used [0x000000071de80000,0x000000071f37a1c0,0x000000071f380000)
  to   space 21504K, 0% used [0x0000000725780000,0x0000000725780000,0x0000000726c80000)
 ParOldGen       total 212992K, used 62849K [0x00000005c1a00000, 0x00000005cea00000, 0x0000000715e00000)
  object space 212992K, 29% used [0x00000005c1a00000,0x00000005c5760640,0x00000005cea00000)
 Metaspace       used 26430K, capacity 27178K, committed 27520K, reserved 1073152K
  class space    used 3094K, capacity 3371K, committed 3456K, reserved 1048576K
Event: 4.603 GC heap after
Heap after GC invocations=5 (full 1):
 PSYoungGen      total 249856K, used 21479K [0x0000000715e00000, 0x0000000726c80000, 0x00000007c0000000)
  eden space 228352K, 0% used [0x0000000715e00000,0x0000000715e00000,0x0000000723d00000)
  from space 21504K, 99% used [0x0000000725780000,0x0000000726c79d40,0x0000000726c80000)
  to   space 21504K, 0% used [0x0000000724280000,0x0000000724280000,0x0000000725780000)
 ParOldGen       total 212992K, used 68926K [0x00000005c1a00000, 0x00000005cea00000, 0x0000000715e00000)
  object space 212992K, 32% used [0x00000005c1a00000,0x00000005c5d4f9c8,0x00000005cea00000)
 Metaspace       used 26430K, capacity 27178K, committed 27520K, reserved 1073152K
  class space    used 3094K, capacity 3371K, committed 3456K, reserved 1048576K
}
Event: 5.694 GC heap before
{Heap before GC invocations=6 (full 1):
 PSYoungGen      total 249856K, used 249831K [0x0000000715e00000, 0x0000000726c80000, 0x00000007c0000000)
  eden space 228352K, 100% used [0x0000000715e00000,0x0000000723d00000,0x0000000723d00000)
  from space 21504K, 99% used [0x0000000725780000,0x0000000726c79d40,0x0000000726c80000)
  to   space 21504K, 0% used [0x0000000724280000,0x0000000724280000,0x0000000725780000)
 ParOldGen       total 212992K, used 68926K [0x00000005c1a00000, 0x00000005cea00000, 0x0000000715e00000)
  object space 212992K, 32% used [0x00000005c1a00000,0x00000005c5d4f9c8,0x00000005cea00000)
 Metaspace       used 26846K, capacity 27580K, committed 27776K, reserved 1073152K
  class space    used 3097K, capacity 3374K, committed 3456K, reserved 1048576K
Event: 5.706 GC heap after
Heap after GC invocations=6 (full 1):
 PSYoungGen      total 255488K, used 19208K [0x0000000715e00000, 0x0000000734280000, 0x00000007c0000000)
  eden space 233984K, 0% used [0x0000000715e00000,0x0000000715e00000,0x0000000724280000)
  from space 21504K, 89% used [0x0000000724280000,0x00000007255421f0,0x0000000725780000)
  to   space 55296K, 0% used [0x0000000730c80000,0x0000000730c80000,0x0000000734280000)
 ParOldGen       total 212992K, used 68934K [0x00000005c1a00000, 0x00000005cea00000, 0x0000000715e00000)
  object space 212992K, 32% used [0x00000005c1a00000,0x00000005c5d519c8,0x00000005cea00000)
 Metaspace       used 26846K, capacity 27580K, committed 27776K, reserved 1073152K
  class space    used 3097K, capacity 3374K, committed 3456K, reserved 1048576K
}
Event: 7.948 GC heap before
{Heap before GC invocations=7 (full 1):
 PSYoungGen      total 255488K, used 253192K [0x0000000715e00000, 0x0000000734280000, 0x00000007c0000000)
  eden space 233984K, 100% used [0x0000000715e00000,0x0000000724280000,0x0000000724280000)
  from space 21504K, 89% used [0x0000000724280000,0x00000007255421f0,0x0000000725780000)
  to   space 55296K, 0% used [0x0000000730c80000,0x0000000730c80000,0x0000000734280000)
 ParOldGen       total 212992K, used 68934K [0x00000005c1a00000, 0x00000005cea00000, 0x0000000715e00000)
  object space 212992K, 32% used [0x00000005c1a00000,0x00000005c5d519c8,0x00000005cea00000)
 Metaspace       used 27397K, capacity 28102K, committed 28288K, reserved 1075200K
  class space    used 3112K, capacity 3375K, committed 3456K, reserved 1048576K
Event: 7.957 GC heap after
Heap after GC invocations=7 (full 1):
 PSYoungGen      total 432640K, used 19534K [0x0000000715e00000, 0x0000000733e00000, 0x00000007c0000000)
  eden space 381952K, 0% used [0x0000000715e00000,0x0000000715e00000,0x000000072d300000)
  from space 50688K, 38% used [0x0000000730c80000,0x0000000731f93ab8,0x0000000733e00000)
  to   space 54784K, 0% used [0x000000072d300000,0x000000072d300000,0x0000000730880000)
 ParOldGen       total 212992K, used 68942K [0x00000005c1a00000, 0x00000005cea00000, 0x0000000715e00000)
  object space 212992K, 32% used [0x00000005c1a00000,0x00000005c5d539c8,0x00000005cea00000)
 Metaspace       used 27397K, capacity 28102K, committed 28288K, reserved 1075200K
  class space    used 3112K, capacity 3375K, committed 3456K, reserved 1048576K
}

